Retrieving measurements for device 300022
> Querying the API with URI https://api.safecast.org/en-US/measurements.json?device_id=300022&unit=cpm&per_page=1&order=captured_at+desc
> Measurement found
Retrieving measurements for device 300021
> Querying the API with URI https://api.safecast.org/en-US/measurements.json?device_id=300021&unit=cpm&per_page=1&order=captured_at+desc
> Measurement found
Retrieving measurements for device 100292
> Querying the API with URI https://api.safecast.org/en-US/measurements.json?device_id=100292&unit=cpm&per_page=1&order=captured_at+desc
> Measurement found
Retrieving measurements for device 100291
> Querying the API with URI https://api.safecast.org/en-US/measurements.json?device_id=100291&unit=cpm&per_page=1&order=captured_at+desc
> Measurement found
Retrieving measurements for device 100362
> Querying the API with URI https://api.safecast.org/en-US/measurements.json?device_id=100362&unit=cpm&per_page=1&order=captured_at+desc
> Measurement found
Retrieving measurements for device 100361
> Querying the API with URI https://api.safecast.org/en-US/measurements.json?device_id=100361&unit=cpm&per_page=1&order=captured_at+desc
> Measurement found
Retrieving measurements for device 100352
> Querying the API with URI https://api.safecast.org/en-US/measurements.json?device_id=100352&unit=cpm&per_page=1&order=captured_at+desc
> Measurement found
Retrieving measurements for device 100351
> Querying the API with URI https://api.safecast.org/en-US/measurements.json?device_id=100351&unit=cpm&per_page=1&order=captured_at+desc
> Measurement found
Retrieving measurements for device 300102
> Querying the API with URI https://api.safecast.org/en-US/measurements.json?device_id=300102&unit=cpm&per_page=1&order=captured_at+desc
> Measurement found
Retrieving measurements for device 100332
> Querying the API with URI https://api.safecast.org/en-US/measurements.json?device_id=100332&unit=cpm&per_page=1&order=captured_at+desc
> Measurement found
Retrieving measurements for device 100331
> Querying the API with URI https://api.safecast.org/en-US/measurements.json?device_id=100331&unit=cpm&per_page=1&order=captured_at+desc
> Measurement found
Retrieving measurements for device 330141
> Querying the API with URI https://api.safecast.org/en-US/measurements.json?device_id=330141&unit=cpm&per_page=1&order=captured_at+desc
> Measurement found
Retrieving measurements for device 330142
> Querying the API with URI https://api.safecast.org/en-US/measurements.json?device_id=330142&unit=cpm&per_page=1&order=captured_at+desc
> Measurement found
Retrieving measurements for device 330132
> Querying the API with URI https://api.safecast.org/en-US/measurements.json?device_id=330132&unit=cpm&per_page=1&order=captured_at+desc
> Measurement found
Retrieving measurements for device 330131
> Querying the API with URI https://api.safecast.org/en-US/measurements.json?device_id=330131&unit=cpm&per_page=1&order=captured_at+desc
> Measurement found
Retrieving measurements for device 330122
> Querying the API with URI https://api.safecast.org/en-US/measurements.json?device_id=330122&unit=cpm&per_page=1&order=captured_at+desc
> Measurement found
Retrieving measurements for device 330121
> Querying the API with URI https://api.safecast.org/en-US/measurements.json?device_id=330121&unit=cpm&per_page=1&order=captured_at+desc
> Measurement found
Retrieving measurements for device 330112
> Querying the API with URI https://api.safecast.org/en-US/measurements.json?device_id=330112&unit=cpm&per_page=1&order=captured_at+desc
> Measurement found
Retrieving measurements for device 330111
> Querying the API with URI https://api.safecast.org/en-US/measurements.json?device_id=330111&unit=cpm&per_page=1&order=captured_at+desc
> Measurement found
Retrieving measurements for device 330102
> Querying the API with URI https://api.safecast.org/en-US/measurements.json?device_id=330102&unit=cpm&per_page=1&order=captured_at+desc
> Measurement found
Retrieving measurements for device 330101
> Querying the API with URI https://api.safecast.org/en-US/measurements.json?device_id=330101&unit=cpm&per_page=1&order=captured_at+desc
> Measurement found
Retrieving measurements for device 330092
> Querying the API with URI https://api.safecast.org/en-US/measurements.json?device_id=330092&unit=cpm&per_page=1&order=captured_at+desc
> Measurement found
Retrieving measurements for device 330091
> Querying the API with URI https://api.safecast.org/en-US/measurements.json?device_id=330091&unit=cpm&per_page=1&order=captured_at+desc
> Measurement found
Retrieving measurements for device 330072
> Querying the API with URI https://api.safecast.org/en-US/measurements.json?device_id=330072&unit=cpm&per_page=1&order=captured_at+desc
> Measurement found
Retrieving measurements for device 330071
> Querying the API with URI https://api.safecast.org/en-US/measurements.json?device_id=330071&unit=cpm&per_page=1&order=captured_at+desc
> Measurement found
Retrieving measurements for device 330062
> Querying the API with URI https://api.safecast.org/en-US/measurements.json?device_id=330062&unit=cpm&per_page=1&order=captured_at+desc
> Measurement found
Retrieving measurements for device 330061
> Querying the API with URI https://api.safecast.org/en-US/measurements.json?device_id=330061&unit=cpm&per_page=1&order=captured_at+desc
> Measurement found
Retrieving measurements for device 330052
> Querying the API with URI https://api.safecast.org/en-US/measurements.json?device_id=330052&unit=cpm&per_page=1&order=captured_at+desc
> Measurement found
Retrieving measurements for device 330032
> Querying the API with URI https://api.safecast.org/en-US/measurements.json?device_id=330032&unit=cpm&per_page=1&order=captured_at+desc
> Measurement found
Retrieving measurements for device 330022
> Querying the API with URI https://api.safecast.org/en-US/measurements.json?device_id=330022&unit=cpm&per_page=1&order=captured_at+desc
> Measurement found
Retrieving measurements for device 330012
> Querying the API with URI https://api.safecast.org/en-US/measurements.json?device_id=330012&unit=cpm&per_page=1&order=captured_at+desc
> Measurement found
Retrieving measurements for device 330042
> Querying the API with URI https://api.safecast.org/en-US/measurements.json?device_id=330042&unit=cpm&per_page=1&order=captured_at+desc
> Measurement found
Retrieving measurements for device 330082
> Querying the API with URI https://api.safecast.org/en-US/measurements.json?device_id=330082&unit=cpm&per_page=1&order=captured_at+desc
> Measurement found
Retrieving measurements for device 330081
> Querying the API with URI https://api.safecast.org/en-US/measurements.json?device_id=330081&unit=cpm&per_page=1&order=captured_at+desc
> Measurement found
Retrieving measurements for device 330001
> Querying the API with URI https://api.safecast.org/en-US/measurements.json?device_id=330001&unit=cpm&per_page=1&order=captured_at+desc
> Measurement found
Retrieving measurements for device 330041
> Querying the API with URI https://api.safecast.org/en-US/measurements.json?device_id=330041&unit=cpm&per_page=1&order=captured_at+desc
> Measurement found
Retrieving measurements for device 330031
> Querying the API with URI https://api.safecast.org/en-US/measurements.json?device_id=330031&unit=cpm&per_page=1&order=captured_at+desc
> Measurement found
Retrieving measurements for device 330021
> Querying the API with URI https://api.safecast.org/en-US/measurements.json?device_id=330021&unit=cpm&per_page=1&order=captured_at+desc
> Measurement found
Retrieving measurements for device 330011
> Querying the API with URI https://api.safecast.org/en-US/measurements.json?device_id=330011&unit=cpm&per_page=1&order=captured_at+desc
> Measurement found
Retrieving measurements for device 330051
> Querying the API with URI https://api.safecast.org/en-US/measurements.json?device_id=330051&unit=cpm&per_page=1&order=captured_at+desc
> Measurement found
Retrieving measurements for device 300002
> Querying the API with URI https://api.safecast.org/en-US/measurements.json?device_id=300002&unit=cpm&per_page=1&order=captured_at+desc
> Measurement found
Retrieving measurements for device 300001
> Querying the API with URI https://api.safecast.org/en-US/measurements.json?device_id=300001&unit=cpm&per_page=1&order=captured_at+desc
> Measurement found
Retrieving measurements for device 300022
> Querying the API with URI https://api.safecast.org/en-US/measurements.json?device_id=300022&unit=cpm&per_page=1&order=captured_at+desc
> Measurement found
Retrieving measurements for device 300021
> Querying the API with URI https://api.safecast.org/en-US/measurements.json?device_id=300021&unit=cpm&per_page=1&order=captured_at+desc
> Measurement found
Retrieving measurements for device 300061
> Querying the API with URI https://api.safecast.org/en-US/measurements.json?device_id=300061&unit=cpm&per_page=1&order=captured_at+desc
> Measurement found
Retrieving measurements for device 300062
> Querying the API with URI https://api.safecast.org/en-US/measurements.json?device_id=300062&unit=cpm&per_page=1&order=captured_at+desc
> Measurement found
Retrieving measurements for device 300101
> Querying the API with URI https://api.safecast.org/en-US/measurements.json?device_id=300101&unit=cpm&per_page=1&order=captured_at+desc
> Measurement found
Retrieving measurements for device 300262
> Querying the API with URI https://api.safecast.org/en-US/measurements.json?device_id=300262&unit=cpm&per_page=1&order=captured_at+desc
> Measurement found
Retrieving measurements for device 300261
> Querying the API with URI https://api.safecast.org/en-US/measurements.json?device_id=300261&unit=cpm&per_page=1&order=captured_at+desc
> Measurement found
Retrieving measurements for device 300252
> Querying the API with URI https://api.safecast.org/en-US/measurements.json?device_id=300252&unit=cpm&per_page=1&order=captured_at+desc
> Measurement found
Retrieving measurements for device 300251
> Querying the API with URI https://api.safecast.org/en-US/measurements.json?device_id=300251&unit=cpm&per_page=1&order=captured_at+desc
> Measurement found
Retrieving measurements for device 300242
> Querying the API with URI https://api.safecast.org/en-US/measurements.json?device_id=300242&unit=cpm&per_page=1&order=captured_at+desc
> Measurement found
Retrieving measurements for device 300241
> Querying the API with URI https://api.safecast.org/en-US/measurements.json?device_id=300241&unit=cpm&per_page=1&order=captured_at+desc
> Measurement found
Retrieving measurements for device 300232
> Querying the API with URI https://api.safecast.org/en-US/measurements.json?device_id=300232&unit=cpm&per_page=1&order=captured_at+desc
> Measurement found
Retrieving measurements for device 300231
> Querying the API with URI https://api.safecast.org/en-US/measurements.json?device_id=300231&unit=cpm&per_page=1&order=captured_at+desc
> Measurement found
Retrieving measurements for device 300222
> Querying the API with URI https://api.safecast.org/en-US/measurements.json?device_id=300222&unit=cpm&per_page=1&order=captured_at+desc
> Measurement found
Retrieving measurements for device 300221
> Querying the API with URI https://api.safecast.org/en-US/measurements.json?device_id=300221&unit=cpm&per_page=1&order=captured_at+desc
> Measurement found
Retrieving measurements for device 300212
> Querying the API with URI https://api.safecast.org/en-US/measurements.json?device_id=300212&unit=cpm&per_page=1&order=captured_at+desc
> Measurement found
Retrieving measurements for device 300211
> Querying the API with URI https://api.safecast.org/en-US/measurements.json?device_id=300211&unit=cpm&per_page=1&order=captured_at+desc
> Measurement found
Retrieving measurements for device 300202
> Querying the API with URI https://api.safecast.org/en-US/measurements.json?device_id=300202&unit=cpm&per_page=1&order=captured_at+desc
> Measurement found
Retrieving measurements for device 300201
> Querying the API with URI https://api.safecast.org/en-US/measurements.json?device_id=300201&unit=cpm&per_page=1&order=captured_at+desc
> Measurement found
Retrieving measurements for device 300192
> Querying the API with URI https://api.safecast.org/en-US/measurements.json?device_id=300192&unit=cpm&per_page=1&order=captured_at+desc
> Measurement found
Retrieving measurements for device 300191
> Querying the API with URI https://api.safecast.org/en-US/measurements.json?device_id=300191&unit=cpm&per_page=1&order=captured_at+desc
> Measurement found
Retrieving measurements for device 300182
> Querying the API with URI https://api.safecast.org/en-US/measurements.json?device_id=300182&unit=cpm&per_page=1&order=captured_at+desc
> Measurement found
Retrieving measurements for device 300181
> Querying the API with URI https://api.safecast.org/en-US/measurements.json?device_id=300181&unit=cpm&per_page=1&order=captured_at+desc
> Measurement found
Retrieving measurements for device 300122
> Querying the API with URI https://api.safecast.org/en-US/measurements.json?device_id=300122&unit=cpm&per_page=1&order=captured_at+desc
> Measurement found
Retrieving measurements for device 300121
> Querying the API with URI https://api.safecast.org/en-US/measurements.json?device_id=300121&unit=cpm&per_page=1&order=captured_at+desc
> Measurement found
Retrieving measurements for device 300172
> Querying the API with URI https://api.safecast.org/en-US/measurements.json?device_id=300172&unit=cpm&per_page=1&order=captured_at+desc
> Measurement found
Retrieving measurements for device 300171
> Querying the API with URI https://api.safecast.org/en-US/measurements.json?device_id=300171&unit=cpm&per_page=1&order=captured_at+desc
> Measurement found
Retrieving measurements for device 300162
> Querying the API with URI https://api.safecast.org/en-US/measurements.json?device_id=300162&unit=cpm&per_page=1&order=captured_at+desc
> Measurement found
Retrieving measurements for device 300161
> Querying the API with URI https://api.safecast.org/en-US/measurements.json?device_id=300161&unit=cpm&per_page=1&order=captured_at+desc
> Measurement found
Retrieving measurements for device 300152
> Querying the API with URI https://api.safecast.org/en-US/measurements.json?device_id=300152&unit=cpm&per_page=1&order=captured_at+desc
> Measurement found
Retrieving measurements for device 300151
> Querying the API with URI https://api.safecast.org/en-US/measurements.json?device_id=300151&unit=cpm&per_page=1&order=captured_at+desc
> Measurement found
Retrieving measurements for device 300142
> Querying the API with URI https://api.safecast.org/en-US/measurements.json?device_id=300142&unit=cpm&per_page=1&order=captured_at+desc
> Measurement found
Retrieving measurements for device 300141
> Querying the API with URI https://api.safecast.org/en-US/measurements.json?device_id=300141&unit=cpm&per_page=1&order=captured_at+desc
> Measurement found
Retrieving measurements for device 300132
> Querying the API with URI https://api.safecast.org/en-US/measurements.json?device_id=300132&unit=cpm&per_page=1&order=captured_at+desc
> Measurement found
Retrieving measurements for device 300131
> Querying the API with URI https://api.safecast.org/en-US/measurements.json?device_id=300131&unit=cpm&per_page=1&order=captured_at+desc
> Measurement found
Retrieving measurements for device 300112
> Querying the API with URI https://api.safecast.org/en-US/measurements.json?device_id=300112&unit=cpm&per_page=1&order=captured_at+desc
> Measurement found
Retrieving measurements for device 300111
> Querying the API with URI https://api.safecast.org/en-US/measurements.json?device_id=300111&unit=cpm&per_page=1&order=captured_at+desc
> Measurement found
Retrieving measurements for device 300052
> Querying the API with URI https://api.safecast.org/en-US/measurements.json?device_id=300052&unit=cpm&per_page=1&order=captured_at+desc
> Measurement found
Retrieving measurements for device 300051
> Querying the API with URI https://api.safecast.org/en-US/measurements.json?device_id=300051&unit=cpm&per_page=1&order=captured_at+desc
> Measurement found
Retrieving measurements for device 300042
> Querying the API with URI https://api.safecast.org/en-US/measurements.json?device_id=300042&unit=cpm&per_page=1&order=captured_at+desc
> Measurement found
Retrieving measurements for device 300041
> Querying the API with URI https://api.safecast.org/en-US/measurements.json?device_id=300041&unit=cpm&per_page=1&order=captured_at+desc
> Measurement found
Retrieving measurements for device 300032
> Querying the API with URI https://api.safecast.org/en-US/measurements.json?device_id=300032&unit=cpm&per_page=1&order=captured_at+desc
> Measurement found
Retrieving measurements for device 300031
> Querying the API with URI https://api.safecast.org/en-US/measurements.json?device_id=300031&unit=cpm&per_page=1&order=captured_at+desc
> Measurement found
Retrieving measurements for device 300082
> Querying the API with URI https://api.safecast.org/en-US/measurements.json?device_id=300082&unit=cpm&per_page=1&order=captured_at+desc
> Measurement found
Retrieving measurements for device 300081
> Querying the API with URI https://api.safecast.org/en-US/measurements.json?device_id=300081&unit=cpm&per_page=1&order=captured_at+desc
> Measurement found
Retrieving measurements for device 300092
> Querying the API with URI https://api.safecast.org/en-US/measurements.json?device_id=300092&unit=cpm&per_page=1&order=captured_at+desc
> Measurement found
Retrieving measurements for device 300091
> Querying the API with URI https://api.safecast.org/en-US/measurements.json?device_id=300091&unit=cpm&per_page=1&order=captured_at+desc
> Measurement found
Retrieving measurements for device 300012
> Querying the API with URI https://api.safecast.org/en-US/measurements.json?device_id=300012&unit=cpm&per_page=1&order=captured_at+desc
> Measurement found
Retrieving measurements for device 300011
> Querying the API with URI https://api.safecast.org/en-US/measurements.json?device_id=300011&unit=cpm&per_page=1&order=captured_at+desc
> Measurement found
Retrieving measurements for device 300072
> Querying the API with URI https://api.safecast.org/en-US/measurements.json?device_id=300072&unit=cpm&per_page=1&order=captured_at+desc
> Measurement found
Retrieving measurements for device 300071
> Querying the API with URI https://api.safecast.org/en-US/measurements.json?device_id=300071&unit=cpm&per_page=1&order=captured_at+desc
> Measurement found
Retrieving measurements for device 200132
> Querying the API with URI https://api.safecast.org/en-US/measurements.json?device_id=200132&unit=cpm&per_page=1&order=captured_at+desc
> Measurement found
Retrieving measurements for device 200131
> Querying the API with URI https://api.safecast.org/en-US/measurements.json?device_id=200131&unit=cpm&per_page=1&order=captured_at+desc
> Measurement found
Retrieving measurements for device 201051
> Querying the API with URI https://api.safecast.org/en-US/measurements.json?device_id=201051&unit=cpm&per_page=1&order=captured_at+desc
> Measurement found
Retrieving measurements for device 178
> Querying the API with URI https://api.safecast.org/en-US/measurements.json?device_id=178&unit=cpm&per_page=1&order=captured_at+desc
> Measurement found
Retrieving measurements for device 200122
> Querying the API with URI https://api.safecast.org/en-US/measurements.json?device_id=200122&unit=cpm&per_page=1&order=captured_at+desc
> Measurement found
Retrieving measurements for device 200121
> Querying the API with URI https://api.safecast.org/en-US/measurements.json?device_id=200121&unit=cpm&per_page=1&order=captured_at+desc
> Measurement found
Retrieving measurements for device 100322
> Querying the API with URI https://api.safecast.org/en-US/measurements.json?device_id=100322&unit=cpm&per_page=1&order=captured_at+desc
> Measurement found
Retrieving measurements for device 77
> Querying the API with URI https://api.safecast.org/en-US/measurements.json?device_id=77&unit=cpm&per_page=1&order=captured_at+desc
> Measurement found
Retrieving measurements for device 76
> Querying the API with URI https://api.safecast.org/en-US/measurements.json?device_id=76&unit=cpm&per_page=1&order=captured_at+desc
> Measurement found
Retrieving measurements for device 100412
> Querying the API with URI https://api.safecast.org/en-US/measurements.json?device_id=100412&unit=cpm&per_page=1&order=captured_at+desc
> Measurement found
Retrieving measurements for device 100402
> Querying the API with URI https://api.safecast.org/en-US/measurements.json?device_id=100402&unit=cpm&per_page=1&order=captured_at+desc
> Measurement found
Retrieving measurements for device 100422
> Querying the API with URI https://api.safecast.org/en-US/measurements.json?device_id=100422&unit=cpm&per_page=1&order=captured_at+desc
> Measurement found
Retrieving measurements for device 100411
> Querying the API with URI https://api.safecast.org/en-US/measurements.json?device_id=100411&unit=cpm&per_page=1&order=captured_at+desc
> Measurement found
Retrieving measurements for device 100401
> Querying the API with URI https://api.safecast.org/en-US/measurements.json?device_id=100401&unit=cpm&per_page=1&order=captured_at+desc
> Measurement found
Retrieving measurements for device 100421
> Querying the API with URI https://api.safecast.org/en-US/measurements.json?device_id=100421&unit=cpm&per_page=1&order=captured_at+desc
> Measurement found
Retrieving measurements for device 100392
> Querying the API with URI https://api.safecast.org/en-US/measurements.json?device_id=100392&unit=cpm&per_page=1&order=captured_at+desc
> No measurement
Retrieving measurements for device 100391
> Querying the API with URI https://api.safecast.org/en-US/measurements.json?device_id=100391&unit=cpm&per_page=1&order=captured_at+desc
> No measurement
Retrieving measurements for device 100382
> Querying the API with URI https://api.safecast.org/en-US/measurements.json?device_id=100382&unit=cpm&per_page=1&order=captured_at+desc
> No measurement
Retrieving measurements for device 100381
> Querying the API with URI https://api.safecast.org/en-US/measurements.json?device_id=100381&unit=cpm&per_page=1&order=captured_at+desc
> No measurement
Retrieving measurements for device 100372
> Querying the API with URI https://api.safecast.org/en-US/measurements.json?device_id=100372&unit=cpm&per_page=1&order=captured_at+desc
> No measurement
Retrieving measurements for device 100371
> Querying the API with URI https://api.safecast.org/en-US/measurements.json?device_id=100371&unit=cpm&per_page=1&order=captured_at+desc
> No measurement
Retrieving measurements for device 100342
> Querying the API with URI https://api.safecast.org/en-US/measurements.json?device_id=100342&unit=cpm&per_page=1&order=captured_at+desc
> Measurement found
Retrieving measurements for device 100341
> Querying the API with URI https://api.safecast.org/en-US/measurements.json?device_id=100341&unit=cpm&per_page=1&order=captured_at+desc
> Measurement found
Retrieving measurements for device 100332
> Querying the API with URI https://api.safecast.org/en-US/measurements.json?device_id=100332&unit=cpm&per_page=1&order=captured_at+desc
> Measurement found
Retrieving measurements for device 100331
> Querying the API with URI https://api.safecast.org/en-US/measurements.json?device_id=100331&unit=cpm&per_page=1&order=captured_at+desc
> Measurement found
Retrieving measurements for device 100321
> Querying the API with URI https://api.safecast.org/en-US/measurements.json?device_id=100321&unit=cpm&per_page=1&order=captured_at+desc
> Measurement found
Retrieving measurements for device 100312
> Querying the API with URI https://api.safecast.org/en-US/measurements.json?device_id=100312&unit=cpm&per_page=1&order=captured_at+desc
> No measurement
Retrieving measurements for device 100311
> Querying the API with URI https://api.safecast.org/en-US/measurements.json?device_id=100311&unit=cpm&per_page=1&order=captured_at+desc
> No measurement
Retrieving measurements for device 100302
> Querying the API with URI https://api.safecast.org/en-US/measurements.json?device_id=100302&unit=cpm&per_page=1&order=captured_at+desc
> Measurement found
Retrieving measurements for device 100301
> Querying the API with URI https://api.safecast.org/en-US/measurements.json?device_id=100301&unit=cpm&per_page=1&order=captured_at+desc
> Measurement found
Retrieving measurements for device 100292
> Querying the API with URI https://api.safecast.org/en-US/measurements.json?device_id=100292&unit=cpm&per_page=1&order=captured_at+desc
> Measurement found
Retrieving measurements for device 100291
> Querying the API with URI https://api.safecast.org/en-US/measurements.json?device_id=100291&unit=cpm&per_page=1&order=captured_at+desc
> Measurement found
Retrieving measurements for device 100282
> Querying the API with URI https://api.safecast.org/en-US/measurements.json?device_id=100282&unit=cpm&per_page=1&order=captured_at+desc
> No measurement
Retrieving measurements for device 100281
> Querying the API with URI https://api.safecast.org/en-US/measurements.json?device_id=100281&unit=cpm&per_page=1&order=captured_at+desc
> No measurement
Retrieving measurements for device 100272
> Querying the API with URI https://api.safecast.org/en-US/measurements.json?device_id=100272&unit=cpm&per_page=1&order=captured_at+desc
> No measurement
Retrieving measurements for device 100271
> Querying the API with URI https://api.safecast.org/en-US/measurements.json?device_id=100271&unit=cpm&per_page=1&order=captured_at+desc
> No measurement
Retrieving measurements for device 100262
> Querying the API with URI https://api.safecast.org/en-US/measurements.json?device_id=100262&unit=cpm&per_page=1&order=captured_at+desc
> No measurement
Retrieving measurements for device 100261
> Querying the API with URI https://api.safecast.org/en-US/measurements.json?device_id=100261&unit=cpm&per_page=1&order=captured_at+desc
> No measurement
Retrieving measurements for device 100252
> Querying the API with URI https://api.safecast.org/en-US/measurements.json?device_id=100252&unit=cpm&per_page=1&order=captured_at+desc
> No measurement
Retrieving measurements for device 100251
> Querying the API with URI https://api.safecast.org/en-US/measurements.json?device_id=100251&unit=cpm&per_page=1&order=captured_at+desc
> No measurement
Retrieving measurements for device 74
> Querying the API with URI https://api.safecast.org/en-US/measurements.json?device_id=74&unit=cpm&per_page=1&order=captured_at+desc
> Measurement found
Retrieving measurements for device 201022
> Querying the API with URI https://api.safecast.org/en-US/measurements.json?device_id=201022&unit=cpm&per_page=1&order=captured_at+desc
> No measurement
Retrieving measurements for device 201021
> Querying the API with URI https://api.safecast.org/en-US/measurements.json?device_id=201021&unit=cpm&per_page=1&order=captured_at+desc
> No measurement
Retrieving measurements for device 200072
> Querying the API with URI https://api.safecast.org/en-US/measurements.json?device_id=200072&unit=cpm&per_page=1&order=captured_at+desc
> Measurement found
Retrieving measurements for device 200071
> Querying the API with URI https://api.safecast.org/en-US/measurements.json?device_id=200071&unit=cpm&per_page=1&order=captured_at+desc
> Measurement found
Retrieving measurements for device 200082
> Querying the API with URI https://api.safecast.org/en-US/measurements.json?device_id=200082&unit=cpm&per_page=1&order=captured_at+desc
> Measurement found
Retrieving measurements for device 200081
> Querying the API with URI https://api.safecast.org/en-US/measurements.json?device_id=200081&unit=cpm&per_page=1&order=captured_at+desc
> Measurement found
Retrieving measurements for device 200092
> Querying the API with URI https://api.safecast.org/en-US/measurements.json?device_id=200092&unit=cpm&per_page=1&order=captured_at+desc
> Measurement found
Retrieving measurements for device 200091
> Querying the API with URI https://api.safecast.org/en-US/measurements.json?device_id=200091&unit=cpm&per_page=1&order=captured_at+desc
> Measurement found
Retrieving measurements for device 200062
> Querying the API with URI https://api.safecast.org/en-US/measurements.json?device_id=200062&unit=cpm&per_page=1&order=captured_at+desc
> No measurement
Retrieving measurements for device 200061
> Querying the API with URI https://api.safecast.org/en-US/measurements.json?device_id=200061&unit=cpm&per_page=1&order=captured_at+desc
> No measurement
Retrieving measurements for device 157
> Querying the API with URI https://api.safecast.org/en-US/measurements.json?device_id=157&unit=cpm&per_page=1&order=captured_at+desc
> Measurement found
Retrieving measurements for device 100032
> Querying the API with URI https://api.safecast.org/en-US/measurements.json?device_id=100032&unit=cpm&per_page=1&order=captured_at+desc
> Measurement found
Retrieving measurements for device 100031
> Querying the API with URI https://api.safecast.org/en-US/measurements.json?device_id=100031&unit=cpm&per_page=1&order=captured_at+desc
> Measurement found
Retrieving measurements for device 100162
> Querying the API with URI https://api.safecast.org/en-US/measurements.json?device_id=100162&unit=cpm&per_page=1&order=captured_at+desc
> Measurement found
Retrieving measurements for device 100161
> Querying the API with URI https://api.safecast.org/en-US/measurements.json?device_id=100161&unit=cpm&per_page=1&order=captured_at+desc
> Measurement found
Retrieving measurements for device 100222
> Querying the API with URI https://api.safecast.org/en-US/measurements.json?device_id=100222&unit=cpm&per_page=1&order=captured_at+desc
> Measurement found
Retrieving measurements for device 100242
> Querying the API with URI https://api.safecast.org/en-US/measurements.json?device_id=100242&unit=cpm&per_page=1&order=captured_at+desc
> Measurement found
Retrieving measurements for device 100241
> Querying the API with URI https://api.safecast.org/en-US/measurements.json?device_id=100241&unit=cpm&per_page=1&order=captured_at+desc
> Measurement found
Retrieving measurements for device 100221
> Querying the API with URI https://api.safecast.org/en-US/measurements.json?device_id=100221&unit=cpm&per_page=1&order=captured_at+desc
> Measurement found
Retrieving measurements for device 100202
> Querying the API with URI https://api.safecast.org/en-US/measurements.json?device_id=100202&unit=cpm&per_page=1&order=captured_at+desc
> Measurement found
Retrieving measurements for device 100201
> Querying the API with URI https://api.safecast.org/en-US/measurements.json?device_id=100201&unit=cpm&per_page=1&order=captured_at+desc
> Measurement found
Retrieving measurements for device 100182
> Querying the API with URI https://api.safecast.org/en-US/measurements.json?device_id=100182&unit=cpm&per_page=1&order=captured_at+desc
> Measurement found
Retrieving measurements for device 100181
> Querying the API with URI https://api.safecast.org/en-US/measurements.json?device_id=100181&unit=cpm&per_page=1&order=captured_at+desc
> Measurement found
Retrieving measurements for device 100172
> Querying the API with URI https://api.safecast.org/en-US/measurements.json?device_id=100172&unit=cpm&per_page=1&order=captured_at+desc
> Measurement found
Retrieving measurements for device 100171
> Querying the API with URI https://api.safecast.org/en-US/measurements.json?device_id=100171&unit=cpm&per_page=1&order=captured_at+desc
> Measurement found
Retrieving measurements for device 100152
> Querying the API with URI https://api.safecast.org/en-US/measurements.json?device_id=100152&unit=cpm&per_page=1&order=captured_at+desc
> No measurement
Retrieving measurements for device 100151
> Querying the API with URI https://api.safecast.org/en-US/measurements.json?device_id=100151&unit=cpm&per_page=1&order=captured_at+desc
> No measurement
Retrieving measurements for device 100132
> Querying the API with URI https://api.safecast.org/en-US/measurements.json?device_id=100132&unit=cpm&per_page=1&order=captured_at+desc
> Measurement found
Retrieving measurements for device 100131
> Querying the API with URI https://api.safecast.org/en-US/measurements.json?device_id=100131&unit=cpm&per_page=1&order=captured_at+desc
> Measurement found
Retrieving measurements for device 100112
> Querying the API with URI https://api.safecast.org/en-US/measurements.json?device_id=100112&unit=cpm&per_page=1&order=captured_at+desc
> Measurement found
Retrieving measurements for device 100111
> Querying the API with URI https://api.safecast.org/en-US/measurements.json?device_id=100111&unit=cpm&per_page=1&order=captured_at+desc
> Measurement found
Retrieving measurements for device 100072
> Querying the API with URI https://api.safecast.org/en-US/measurements.json?device_id=100072&unit=cpm&per_page=1&order=captured_at+desc
> Measurement found
Retrieving measurements for device 100071
> Querying the API with URI https://api.safecast.org/en-US/measurements.json?device_id=100071&unit=cpm&per_page=1&order=captured_at+desc
> Measurement found
Retrieving measurements for device 100232
> Querying the API with URI https://api.safecast.org/en-US/measurements.json?device_id=100232&unit=cpm&per_page=1&order=captured_at+desc
> Measurement found
Retrieving measurements for device 100231
> Querying the API with URI https://api.safecast.org/en-US/measurements.json?device_id=100231&unit=cpm&per_page=1&order=captured_at+desc
> Measurement found
Retrieving measurements for device 200022
> Querying the API with URI https://api.safecast.org/en-US/measurements.json?device_id=200022&unit=cpm&per_page=1&order=captured_at+desc
> Measurement found
Retrieving measurements for device 200021
> Querying the API with URI https://api.safecast.org/en-US/measurements.json?device_id=200021&unit=cpm&per_page=1&order=captured_at+desc
> Measurement found
Retrieving measurements for device 63
> Querying the API with URI https://api.safecast.org/en-US/measurements.json?device_id=63&unit=cpm&per_page=1&order=captured_at+desc
> Measurement found
Retrieving measurements for device 201012
> Querying the API with URI https://api.safecast.org/en-US/measurements.json?device_id=201012&unit=cpm&per_page=1&order=captured_at+desc
> Measurement found
Retrieving measurements for device 201011
> Querying the API with URI https://api.safecast.org/en-US/measurements.json?device_id=201011&unit=cpm&per_page=1&order=captured_at+desc
> Measurement found
Retrieving measurements for device 201002
> Querying the API with URI https://api.safecast.org/en-US/measurements.json?device_id=201002&unit=cpm&per_page=1&order=captured_at+desc
> Measurement found
Retrieving measurements for device 201001
> Querying the API with URI https://api.safecast.org/en-US/measurements.json?device_id=201001&unit=cpm&per_page=1&order=captured_at+desc
> Measurement found
Retrieving measurements for device 100082
> Querying the API with URI https://api.safecast.org/en-US/measurements.json?device_id=100082&unit=cpm&per_page=1&order=captured_at+desc
> Measurement found
Retrieving measurements for device 100081
> Querying the API with URI https://api.safecast.org/en-US/measurements.json?device_id=100081&unit=cpm&per_page=1&order=captured_at+desc
> Measurement found
Retrieving measurements for device 100142
> Querying the API with URI https://api.safecast.org/en-US/measurements.json?device_id=100142&unit=cpm&per_page=1&order=captured_at+desc
> Measurement found
Retrieving measurements for device 100141
> Querying the API with URI https://api.safecast.org/en-US/measurements.json?device_id=100141&unit=cpm&per_page=1&order=captured_at+desc
> Measurement found
Retrieving measurements for device 200052
> Querying the API with URI https://api.safecast.org/en-US/measurements.json?device_id=200052&unit=cpm&per_page=1&order=captured_at+desc
> Measurement found
Retrieving measurements for device 200051
> Querying the API with URI https://api.safecast.org/en-US/measurements.json?device_id=200051&unit=cpm&per_page=1&order=captured_at+desc
> Measurement found
Retrieving measurements for device 100102
> Querying the API with URI https://api.safecast.org/en-US/measurements.json?device_id=100102&unit=cpm&per_page=1&order=captured_at+desc
> Measurement found
Retrieving measurements for device 100101
> Querying the API with URI https://api.safecast.org/en-US/measurements.json?device_id=100101&unit=cpm&per_page=1&order=captured_at+desc
> Measurement found
Retrieving measurements for device 100092
> Querying the API with URI https://api.safecast.org/en-US/measurements.json?device_id=100092&unit=cpm&per_page=1&order=captured_at+desc
> Measurement found
Retrieving measurements for device 100091
> Querying the API with URI https://api.safecast.org/en-US/measurements.json?device_id=100091&unit=cpm&per_page=1&order=captured_at+desc
> Measurement found
Retrieving measurements for device 100022
> Querying the API with URI https://api.safecast.org/en-US/measurements.json?device_id=100022&unit=cpm&per_page=1&order=captured_at+desc
> Measurement found
Retrieving measurements for device 100021
> Querying the API with URI https://api.safecast.org/en-US/measurements.json?device_id=100021&unit=cpm&per_page=1&order=captured_at+desc
> Measurement found
Retrieving measurements for device 200042
> Querying the API with URI https://api.safecast.org/en-US/measurements.json?device_id=200042&unit=cpm&per_page=1&order=captured_at+desc
> Measurement found
Retrieving measurements for device 200041
> Querying the API with URI https://api.safecast.org/en-US/measurements.json?device_id=200041&unit=cpm&per_page=1&order=captured_at+desc
> Measurement found
Retrieving measurements for device 200012
> Querying the API with URI https://api.safecast.org/en-US/measurements.json?device_id=200012&unit=cpm&per_page=1&order=captured_at+desc
> Measurement found
Retrieving measurements for device 200011
> Querying the API with URI https://api.safecast.org/en-US/measurements.json?device_id=200011&unit=cpm&per_page=1&order=captured_at+desc
> Measurement found
Retrieving measurements for device 100012
> Querying the API with URI https://api.safecast.org/en-US/measurements.json?device_id=100012&unit=cpm&per_page=1&order=captured_at+desc
> Measurement found
Retrieving measurements for device 100011
> Querying the API with URI https://api.safecast.org/en-US/measurements.json?device_id=100011&unit=cpm&per_page=1&order=captured_at+desc
> Measurement found
Retrieving measurements for device 100122
> Querying the API with URI https://api.safecast.org/en-US/measurements.json?device_id=100122&unit=cpm&per_page=1&order=captured_at+desc
> Measurement found
Retrieving measurements for device 106
> Querying the API with URI https://api.safecast.org/en-US/measurements.json?device_id=106&unit=cpm&per_page=1&order=captured_at+desc
> Measurement found
Retrieving measurements for device 107
> Querying the API with URI https://api.safecast.org/en-US/measurements.json?device_id=107&unit=cpm&per_page=1&order=captured_at+desc
> Measurement found
Retrieving measurements for device 101
> Querying the API with URI https://api.safecast.org/en-US/measurements.json?device_id=101&unit=cpm&per_page=1&order=captured_at+desc
> Measurement found
Retrieving measurements for device 100
> Querying the API with URI https://api.safecast.org/en-US/measurements.json?device_id=100&unit=cpm&per_page=1&order=captured_at+desc
> Measurement found
Retrieving measurements for device 99
> Querying the API with URI https://api.safecast.org/en-US/measurements.json?device_id=99&unit=cpm&per_page=1&order=captured_at+desc
> Measurement found
Retrieving measurements for device 58
> Querying the API with URI https://api.safecast.org/en-US/measurements.json?device_id=58&unit=cpm&per_page=1&order=captured_at+desc
> Measurement found
Retrieving measurements for device 75
> Querying the API with URI https://api.safecast.org/en-US/measurements.json?device_id=75&unit=cpm&per_page=1&order=captured_at+desc
> Measurement found
Retrieving measurements for device 79
> Querying the API with URI https://api.safecast.org/en-US/measurements.json?device_id=79&unit=cpm&per_page=1&order=captured_at+desc
> Measurement found
Retrieving measurements for device 78
> Querying the API with URI https://api.safecast.org/en-US/measurements.json?device_id=78&unit=cpm&per_page=1&order=captured_at+desc
> Measurement found
Retrieving measurements for device 61
> Querying the API with URI https://api.safecast.org/en-US/measurements.json?device_id=61&unit=cpm&per_page=1&order=captured_at+desc
> Measurement found
Retrieving measurements for device 54
> Querying the API with URI https://api.safecast.org/en-US/measurements.json?device_id=54&unit=cpm&per_page=1&order=captured_at+desc
> Measurement found
Retrieving measurements for device 72
> Querying the API with URI https://api.safecast.org/en-US/measurements.json?device_id=72&unit=cpm&per_page=1&order=captured_at+desc
> Measurement found
Retrieving measurements for device 73
> Querying the API with URI https://api.safecast.org/en-US/measurements.json?device_id=73&unit=cpm&per_page=1&order=captured_at+desc
> Measurement found
Retrieving measurements for device 71
> Querying the API with URI https://api.safecast.org/en-US/measurements.json?device_id=71&unit=cpm&per_page=1&order=captured_at+desc
> Measurement found
Retrieving measurements for device 62
> Querying the API with URI https://api.safecast.org/en-US/measurements.json?device_id=62&unit=cpm&per_page=1&order=captured_at+desc
> Measurement found
Retrieving measurements for device 59
> Querying the API with URI https://api.safecast.org/en-US/measurements.json?device_id=59&unit=cpm&per_page=1&order=captured_at+desc
> Measurement found
Retrieving measurements for device 49
> Querying the API with URI https://api.safecast.org/en-US/measurements.json?device_id=49&unit=cpm&per_page=1&order=captured_at+desc
> Measurement found
Retrieving measurements for device 41
> Querying the API with URI https://api.safecast.org/en-US/measurements.json?device_id=41&unit=cpm&per_page=1&order=captured_at+desc
> Measurement found
Retrieving measurements for device 40
> Querying the API with URI https://api.safecast.org/en-US/measurements.json?device_id=40&unit=cpm&per_page=1&order=captured_at+desc
> Measurement found
